<?xml version="1.0" encoding="UTF-8"?>
<!-- Generated by org.testng.reporters.JUnitReportReporter -->
<testsuite hostname="DESKTOP-7JU0NPK" failures="0" tests="4" name="practice.testng.DependsOnTest" time="0.039" errors="0" timestamp="2025-05-26T13:15:30 IST" skipped="0">
  <testcase classname="practice.testng.DependsOnTest" name="test2" time="0.018"/>
  <testcase classname="practice.testng.DependsOnTest" name="test4" time="0.003"/>
  <testcase classname="practice.testng.DependsOnTest" name="test5" time="0.002"/>
  <testcase classname="practice.testng.DependsOnTest" name="test3" time="0.016"/>
</testsuite> <!-- practice.testng.DependsOnTest -->
