<?xml version="1.0" encoding="UTF-8"?>
<!-- Generated by org.testng.reporters.JUnitReportReporter -->
<testsuite hostname="DESKTOP-7JU0NPK" failures="0" tests="3" name="practice.testng.CreateContact_DP_Test" time="0.019" errors="0" timestamp="2025-05-26T14:21:19 IST" skipped="0">
  <testcase classname="practice.testng.CreateContact_DP_Test" name="createContactTest" time="0.003"/>
  <testcase classname="practice.testng.CreateContact_DP_Test" name="createContactTest" time="0.013"/>
  <testcase classname="practice.testng.CreateContact_DP_Test" name="createContactTest" time="0.003"/>
</testsuite> <!-- practice.testng.CreateContact_DP_Test -->
