<?xml version="1.0" encoding="UTF-8"?>
<!-- Generated by org.testng.reporters.JUnitReportReporter -->
<testsuite hostname="DESKTOP-7JU0NPK" failures="0" tests="1" name="DDT.CreateOrgTestXML" time="31.417" errors="0" timestamp="2025-05-16T12:28:13 IST" skipped="0">
  <testcase classname="DDT.CreateOrgTestXML" name="createorgtest" time="31.417"/>
</testsuite> <!-- DDT.CreateOrgTestXML -->
