<?xml version="1.0" encoding="UTF-8"?>
<!-- Generated by org.testng.reporters.JUnitReportReporter -->
<testsuite hostname="DESKTOP-7JU0NPK" failures="0" tests="1" name="DDT.ReadRuntimeMavenParameterTest" time="0.018" errors="0" timestamp="2025-05-15T13:28:55 IST" skipped="0">
  <testcase classname="DDT.ReadRuntimeMavenParameterTest" name="runtimeParameter" time="0.018"/>
</testsuite> <!-- DDT.ReadRuntimeMavenParameterTest -->
