<?xml version="1.0" encoding="UTF-8"?>
<!-- Generated by org.testng.reporters.JUnitReportReporter -->
<testsuite hostname="DESKTOP-7JU0NPK" failures="0" tests="1" name="DDT.ReadDataFromTestNGXmlTest" time="0.018" errors="0" timestamp="2025-05-16T12:01:47 IST" skipped="0">
  <testcase classname="DDT.ReadDataFromTestNGXmlTest" name="sampleTest" time="0.018"/>
</testsuite> <!-- DDT.ReadDataFromTestNGXmlTest -->
