<?xml version="1.0" encoding="UTF-8"?>
<!-- Generated by org.testng.reporters.JUnitReportReporter -->
<testsuite hostname="DESKTOP-7JU0NPK" failures="0" tests="3" name="practice.testng.SampleReportTest" time="4.437" errors="0" timestamp="2025-06-03T11:18:10 IST" skipped="0">
  <testcase classname="practice.testng.SampleReportTest" name="createContactTest" time="4.416"/>
  <testcase classname="practice.testng.SampleReportTest" name="createContactWithOrg" time="0.009"/>
  <testcase classname="practice.testng.SampleReportTest" name="createContactWithPhoneNumber" time="0.012"/>
</testsuite> <!-- practice.testng.SampleReportTest -->
