<?xml version="1.0" encoding="UTF-8"?>
<!-- Generated by org.testng.reporters.JUnitReportReporter -->
<testsuite hostname="DESKTOP-7JU0NPK" failures="0" tests="3" name="practice.testng.CreateContact_DP_Test2" time="0.021" errors="0" timestamp="2025-05-26T14:27:40 IST" skipped="0">
  <testcase classname="practice.testng.CreateContact_DP_Test2" name="createContactTest" time="0.015"/>
  <testcase classname="practice.testng.CreateContact_DP_Test2" name="createContactTest" time="0.002"/>
  <testcase classname="practice.testng.CreateContact_DP_Test2" name="createContactTest" time="0.004"/>
</testsuite> <!-- practice.testng.CreateContact_DP_Test2 -->
