<?xml version="1.0" encoding="UTF-8"?>
<!-- Generated by org.testng.reporters.JUnitReportReporter -->
<testsuite hostname="DESKTOP-7JU0NPK" failures="0" tests="1" name="com.comcast.crm.contacttest.CreateContactTest" time="9.306" errors="0" timestamp="2025-05-30T10:10:03 IST" skipped="0">
  <testcase classname="com.comcast.crm.contacttest.CreateContactTest" name="createContactTest" time="9.306"/>
</testsuite> <!-- com.comcast.crm.contacttest.CreateContactTest -->
