<?xml version="1.0" encoding="UTF-8"?>
<!-- Generated by org.testng.reporters.JUnitReportReporter -->
<testsuite hostname="DESKTOP-7JU0NPK" failures="0" tests="2" name="practice.homepageTest.HomePageVerificationTest2" time="0.027" errors="0" timestamp="2025-05-30T10:39:47 IST" skipped="0">
  <testcase classname="practice.homepageTest.HomePageVerificationTest2" name="homePageTest" time="0.021">
    <system-out>
      <![CDATA[homePageTestTest Start
Step-1
Step-2
Step-3
Step-4
homePageTestTest end]]>
    </system-out>
  </testcase> <!-- homePageTest -->
  <testcase classname="practice.homepageTest.HomePageVerificationTest2" name="verifyLogoHomePageTest" time="0.006">
    <system-out>
      <![CDATA[verifyLogoHomePageTestTest Start
Step-1
Step-2
Step-3
Step-4
verifyLogoHomePageTestTest end]]>
    </system-out>
  </testcase> <!-- verifyLogoHomePageTest -->
  <system-out>
    <![CDATA[homePageTestTest Start
Step-1
Step-2
Step-3
Step-4
homePageTestTest end
verifyLogoHomePageTestTest Start
Step-1
Step-2
Step-3
Step-4
verifyLogoHomePageTestTest end]]>
  </system-out>
</testsuite> <!-- practice.homepageTest.HomePageVerificationTest2 -->
