<?xml version="1.0" encoding="UTF-8"?>
<!-- Generated by org.testng.reporters.JUnitReportReporter -->
<testsuite hostname="DESKTOP-7JU0NPK" failures="0" tests="2" name="com.crm.comcast.orgtest.CreateOrgTest" time="0.025" errors="0" timestamp="2025-05-28T09:55:05 IST" skipped="0">
  <testcase classname="com.crm.comcast.orgtest.CreateOrgTest" name="createOrgTest" time="0.013"/>
  <testcase classname="com.crm.comcast.orgtest.CreateOrgTest" name="createOrgWithIndustries" time="0.012"/>
</testsuite> <!-- com.crm.comcast.orgtest.CreateOrgTest -->
