<?xml version="1.0" encoding="UTF-8"?>
<!-- Generated by org.testng.reporters.JUnitReportReporter -->
<testsuite hostname="DESKTOP-7JU0NPK" failures="0" tests="3" name="com.comcast.crm.orgtest.CreateOrganizationTest" time="23.816" errors="0" timestamp="2025-06-04T10:53:40 IST" skipped="0">
  <testcase classname="com.comcast.crm.orgtest.CreateOrganizationTest" name="createOrganizationWithIndustry" time="8.797">
    <system-out>
      <![CDATA[Verified Industry: Energy and Type: Press]]>
    </system-out>
  </testcase> <!-- createOrganizationWithIndustry -->
  <testcase classname="com.comcast.crm.orgtest.CreateOrganizationTest" name="createOrganizationTest" time="8.393">
    <system-out>
      <![CDATA[Creating Organization: instragram_533
Verified organization: [ ACC20447 ] instragram_533 - Organization Information]]>
    </system-out>
  </testcase> <!-- createOrganizationTest -->
  <testcase classname="com.comcast.crm.orgtest.CreateOrganizationTest" name="createOrgWithPhoneNumber" time="6.626">
    <system-out>
      <![CDATA[Verified Phone Number: 9919049480'4012]]>
    </system-out>
  </testcase> <!-- createOrgWithPhoneNumber -->
  <system-out>
    <![CDATA[Creating Organization: instragram_533
Verified organization: [ ACC20447 ] instragram_533 - Organization Information
Verified Phone Number: 9919049480'4012
Verified Industry: Energy and Type: Press]]>
  </system-out>
</testsuite> <!-- com.comcast.crm.orgtest.CreateOrganizationTest -->
