<?xml version="1.0" encoding="UTF-8"?>
<!-- Generated by org.testng.reporters.JUnitReportReporter -->
<testsuite hostname="DESKTOP-7JU0NPK" failures="0" tests="2" name="com.pac1.CreateContactTest" time="0.021" errors="0" timestamp="2025-05-27T14:32:28 IST" skipped="0">
  <testcase classname="com.pac1.CreateContactTest" name="createContact" time="0.016"/>
  <testcase classname="com.pac1.CreateContactTest" name="createContactWithSupportDate" time="0.005"/>
</testsuite> <!-- com.pac1.CreateContactTest -->
