<?xml version="1.0" encoding="UTF-8"?>
<!-- Generated by org.testng.reporters.JUnitReportReporter -->
<testsuite hostname="DESKTOP-7JU0NPK" failures="0" tests="3" name="practice.test.GetProductInfoTest" time="32.702" errors="0" timestamp="2025-05-27T12:56:34 IST" skipped="0">
  <testcase classname="practice.test.GetProductInfoTest" name="getProductInfoTest" time="11.580"/>
  <testcase classname="practice.test.GetProductInfoTest" name="getProductInfoTest" time="10.454"/>
  <testcase classname="practice.test.GetProductInfoTest" name="getProductInfoTest" time="10.668"/>
</testsuite> <!-- practice.test.GetProductInfoTest -->
