<?xml version="1.0" encoding="UTF-8"?>
<!-- Generated by org.testng.reporters.JUnitReportReporter -->
<testsuite hostname="DESKTOP-7JU0NPK" failures="0" tests="1" name="DDT.CreateOrgTest1" time="28.860" errors="0" timestamp="2025-05-16T12:24:58 IST" skipped="0">
  <testcase classname="DDT.CreateOrgTest1" name="createorgtest" time="28.860"/>
</testsuite> <!-- DDT.CreateOrgTest1 -->
