<?xml version="1.0" encoding="UTF-8"?>
<!-- Generated by org.testng.reporters.JUnitReportReporter -->
<testsuite hostname="DESKTOP-7JU0NPK" failures="0" tests="12" name="practice.testng.contactTest1" time="0.044" errors="0" timestamp="2025-05-26T13:04:42 IST" skipped="1">
  <testcase classname="practice.testng.contactTest1" name="createContact" time="0.005"/>
  <testcase classname="practice.testng.contactTest1" name="createContact" time="0.002"/>
  <testcase classname="practice.testng.contactTest1" name="createContact" time="0.002"/>
  <testcase classname="practice.testng.contactTest1" name="createContact" time="0.003"/>
  <testcase classname="practice.testng.contactTest1" name="createContact" time="0.005"/>
  <testcase classname="practice.testng.contactTest1" name="createContact" time="0.004"/>
  <testcase classname="practice.testng.contactTest1" name="createContact" time="0.002"/>
  <testcase classname="practice.testng.contactTest1" name="modifyContact" time="0.001"/>
  <testcase classname="practice.testng.contactTest1" name="createContact" time="0.015"/>
  <testcase classname="practice.testng.contactTest1" name="createContact" time="0.002"/>
  <testcase classname="practice.testng.contactTest1" name="createContact" time="0.003"/>
  <testcase classname="practice.testng.contactTest1" name="deleteContact">
    <skipped/>
  </testcase> <!-- deleteContact -->
</testsuite> <!-- practice.testng.contactTest1 -->
