<?xml version="1.0" encoding="UTF-8"?>
<!-- Generated by org.testng.reporters.JUnitReportReporter -->
<testsuite hostname="DESKTOP-7JU0NPK" failures="0" tests="2" name="com.crm.comcast.contacttest.CreateContactTest" time="7.225" errors="0" timestamp="2025-05-28T13:56:51 IST" skipped="0">
  <testcase classname="com.crm.comcast.contacttest.CreateContactTest" name="createContactWithDate" time="2.815"/>
  <testcase classname="com.crm.comcast.contacttest.CreateContactTest" name="createContact" time="4.410"/>
</testsuite> <!-- com.crm.comcast.contacttest.CreateContactTest -->
