<?xml version="1.0" encoding="UTF-8"?>
<!-- Generated by org.testng.reporters.JUnitReportReporter -->
<testsuite hostname="DESKTOP-7JU0NPK" failures="0" tests="2" name="practice.testng.SampleTest" time="0.017" errors="0" timestamp="2025-05-26T10:58:02 IST" skipped="0">
  <testcase classname="practice.testng.SampleTest" name="test" time="0.002"/>
  <testcase classname="practice.testng.SampleTest" name="createContactWithMobileNumberTest" time="0.015"/>
</testsuite> <!-- practice.testng.SampleTest -->
