<?xml version="1.0" encoding="UTF-8"?>
<!-- Generated by org.testng.reporters.JUnitReportReporter -->
<testsuite hostname="DESKTOP-7JU0NPK" failures="0" tests="1" name="practice.pom.repository.SampleTestWithPom" time="7.273" errors="0" timestamp="2025-05-22T12:55:52 IST" skipped="0">
  <testcase classname="practice.pom.repository.SampleTestWithPom" name="sampleTest" time="7.273"/>
</testsuite> <!-- practice.pom.repository.SampleTestWithPom -->
