<?xml version="1.0" encoding="UTF-8"?>
<!-- Generated by org.testng.reporters.JUnitReportReporter -->
<testsuite hostname="DESKTOP-7JU0NPK" failures="0" tests="1" name="practice.testng.SampleTestForScreenShot" time="7.486" errors="0" timestamp="2025-05-30T11:20:45 IST" skipped="0">
  <testcase classname="practice.testng.SampleTestForScreenShot" name="amazonTest" time="7.486"/>
</testsuite> <!-- practice.testng.SampleTestForScreenShot -->
