<?xml version="1.0" encoding="UTF-8"?>
<!-- Generated by org.testng.reporters.JUnitReportReporter -->
<testsuite hostname="DESKTOP-7JU0NPK" failures="0" tests="1" name="com.comcast.crm.contacttest.CreateContactTest" time="9.994" errors="0" timestamp="2025-06-09T12:49:58 IST" skipped="0">
  <testcase classname="com.comcast.crm.contacttest.CreateContactTest" name="createContactTest" time="9.994"/>
  <system-out>
    <![CDATA[Creating Organization: instragram_4469
Verified organization: [ ACC21083 ] instragram_4469 - Organization Information]]>
  </system-out>
</testsuite> <!-- com.comcast.crm.contacttest.CreateContactTest -->
