<?xml version="1.0" encoding="UTF-8"?>
<!-- Generated by org.testng.reporters.JUnitReportReporter -->
<testsuite hostname="DESKTOP-7JU0NPK" failures="0" tests="5" name="practice.testng.CreateContactTest" time="0.029" errors="0" timestamp="2025-05-26T12:14:24 IST" skipped="0">
  <testcase classname="practice.testng.CreateContactTest" name="modifyContact" time="0.003"/>
  <testcase classname="practice.testng.CreateContactTest" name="navigateToContactTest" time="0.002"/>
  <testcase classname="practice.testng.CreateContactTest" name="deleteContact" time="0.004"/>
  <testcase classname="practice.testng.CreateContactTest" name="createContact" time="0.015"/>
  <testcase classname="practice.testng.CreateContactTest" name="login" time="0.005"/>
</testsuite> <!-- practice.testng.CreateContactTest -->
