<?xml version="1.0" encoding="UTF-8"?>
<!-- Generated by org.testng.reporters.JUnitReportReporter -->
<testsuite hostname="DESKTOP-7JU0NPK" failures="0" tests="5" name="TestNG.DataProviderTest" time="0.064" errors="0" timestamp="2025-02-26T18:39:56 IST" skipped="0">
  <testcase classname="TestNG.DataProviderTest" name="test1" time="0.009"/>
  <system-out/>
  <testcase classname="TestNG.DataProviderTest" name="test3" time="0.007"/>
  <system-out/>
  <testcase classname="TestNG.DataProviderTest" name="test2" time="0.008"/>
  <system-out/>
  <testcase classname="TestNG.DataProviderTest" name="test1" time="0.014"/>
  <system-out/>
  <testcase classname="TestNG.DataProviderTest" name="test1" time="0.026"/>
  <system-out/>
</testsuite> <!-- TestNG.DataProviderTest -->
