<?xml version="1.0" encoding="UTF-8"?>
<!-- Generated by org.testng.reporters.JUnitReportReporter -->
<testsuite hostname="DESKTOP-7JU0NPK" failures="0" tests="1" name="TestNG.group" time="0.040" errors="0" timestamp="2025-02-26T14:49:06 IST" skipped="0">
  <testcase classname="TestNG.group" name="group3" time="0.040"/>
  <system-out/>
</testsuite> <!-- TestNG.group -->
