<?xml version="1.0" encoding="UTF-8"?>
<!-- Generated by org.testng.reporters.JUnitReportReporter -->
<testsuite hostname="DESKTOP-7JU0NPK" failures="0" tests="1" name="TestNG.group1" time="0.003" errors="0" timestamp="2025-02-26T14:49:06 IST" skipped="0">
  <testcase classname="TestNG.group1" name="group7" time="0.003"/>
  <system-out/>
</testsuite> <!-- TestNG.group1 -->
