<?xml version="1.0" encoding="UTF-8"?>
<!-- Generated by org.testng.reporters.JUnitReportReporter -->
<testsuite hostname="DESKTOP-7JU0NPK" failures="0" tests="1" name="TestNG.testExicute" time="0.014" errors="0" timestamp="2025-02-26T14:17:15 IST" skipped="0">
  <testcase classname="TestNG.testExicute" name="exicuteTest3" time="0.014"/>
  <system-out/>
</testsuite> <!-- TestNG.testExicute -->
