<?xml version="1.0" encoding="UTF-8"?>
<!-- Generated by org.testng.reporters.JUnitReportReporter -->
<testsuite hostname="DESKTOP-7JU0NPK" failures="0" tests="1" name="TestNG.TestNGClass6" time="0.016" errors="0" timestamp="2025-02-26T14:23:37 IST" skipped="0">
  <testcase classname="TestNG.TestNGClass6" name="test1" time="0.016"/>
  <system-out/>
</testsuite> <!-- TestNG.TestNGClass6 -->
