<?xml version="1.0" encoding="UTF-8"?>
<!-- Generated by org.testng.reporters.JUnitReportReporter -->
<testsuite hostname="DESKTOP-7JU0NPK" failures="0" tests="4" name="TestNG.enable" time="0.044" errors="0" timestamp="2025-02-26T15:15:15 IST" skipped="2">
  <testcase classname="TestNG.enable" name="test4" time="0.010"/>
  <system-out/>
  <testcase classname="TestNG.enable" name="test1" time="0.034"/>
  <system-out/>
  <testcase classname="TestNG.enable" name="test3">
    <skipped/>
  </testcase> <!-- test3 -->
  <system-out/>
  <testcase classname="TestNG.enable" name="test2">
    <skipped/>
  </testcase> <!-- test2 -->
  <system-out/>
</testsuite> <!-- TestNG.enable -->
