<?xml version="1.0" encoding="UTF-8"?>
<!-- Generated by org.testng.reporters.JUnitReportReporter -->
<testsuite hostname="DESKTOP-7JU0NPK" failures="0" tests="2" name="TestNG.TestNGClass7" time="0.022" errors="0" timestamp="2025-02-26T14:17:40 IST" skipped="0">
  <testcase classname="TestNG.TestNGClass7" name="testCase2" time="0.005"/>
  <system-out/>
  <testcase classname="TestNG.TestNGClass7" name="testCase1" time="0.017"/>
  <system-out/>
</testsuite> <!-- TestNG.TestNGClass7 -->
