<?xml version="1.0" encoding="UTF-8"?>
<!-- Generated by org.testng.reporters.JUnitReportReporter -->
<testsuite hostname="DESKTOP-7JU0NPK" failures="0" tests="4" name="TestNG.TestNGClass4" time="0.018" errors="0" timestamp="2025-02-26T12:51:40 IST" skipped="0">
  <testcase classname="TestNG.TestNGClass4" name="testcase4" time="0.013"/>
  <system-out/>
  <testcase classname="TestNG.TestNGClass4" name="testcase2" time="0.002"/>
  <system-out/>
  <testcase classname="TestNG.TestNGClass4" name="testcase3" time="0.001"/>
  <system-out/>
  <testcase classname="TestNG.TestNGClass4" name="testcase1" time="0.002"/>
  <system-out/>
</testsuite> <!-- TestNG.TestNGClass4 -->
