<?xml version="1.0" encoding="UTF-8"?>
<!-- Generated by org.testng.reporters.JUnitReportReporter -->
<testsuite hostname="DESKTOP-7JU0NPK" failures="0" tests="1" name="TestNG.TestNGClass2" time="0.002" errors="0" timestamp="2025-02-26T12:56:28 IST" skipped="0">
  <testcase classname="TestNG.TestNGClass2" name="carLone" time="0.002"/>
  <system-out/>
</testsuite> <!-- TestNG.TestNGClass2 -->
