<?xml version="1.0" encoding="UTF-8"?>
<!-- Generated by org.testng.reporters.JUnitReportReporter -->
<testsuite hostname="DESKTOP-7JU0NPK" failures="0" tests="3" name="TestNG.TestNGClass1" time="0.024" errors="0" timestamp="2025-02-26T12:56:28 IST" skipped="0">
  <testcase classname="TestNG.TestNGClass1" name="demo1" time="0.011"/>
  <system-out/>
  <testcase classname="TestNG.TestNGClass1" name="demo" time="0.009"/>
  <system-out/>
  <testcase classname="TestNG.TestNGClass1" name="demo2" time="0.004"/>
  <system-out/>
</testsuite> <!-- TestNG.TestNGClass1 -->
