<?xml version="1.0" encoding="UTF-8"?>
<!-- Generated by org.testng.reporters.JUnitReportReporter -->
<testsuite hostname="DESKTOP-7JU0NPK" failures="0" tests="3" name="TestNG.TestNgClass3" time="0.031" errors="0" timestamp="2025-02-26T14:09:46 IST" skipped="0">
  <testcase classname="TestNG.TestNgClass3" name="Demo2" time="0.003"/>
  <system-out/>
  <testcase classname="TestNG.TestNgClass3" name="Demo1" time="0.023"/>
  <system-out/>
  <testcase classname="TestNG.TestNgClass3" name="Demo3" time="0.005"/>
  <system-out/>
</testsuite> <!-- TestNG.TestNgClass3 -->
