<?xml version="1.0" encoding="UTF-8"?>
<!-- Generated by org.testng.reporters.JUnitReportReporter -->
<testsuite hostname="DESKTOP-7JU0NPK" failures="0" tests="2" name="TestNG.TestNGClass5" time="0.016" errors="0" timestamp="2025-02-26T13:18:05 IST" skipped="0">
  <testcase classname="TestNG.TestNGClass5" name="pLone3" time="0.014"/>
  <system-out/>
  <testcase classname="TestNG.TestNGClass5" name="pLone4" time="0.002"/>
  <system-out/>
</testsuite> <!-- TestNG.TestNGClass5 -->
