<?xml version="1.0" encoding="UTF-8"?>
<!-- Generated by org.testng.reporters.JUnitReportReporter -->
<testsuite hostname="DESKTOP-7JU0NPK" failures="0" tests="4" name="TestNG.depend" time="0.032" errors="0" timestamp="2025-02-26T15:07:52 IST" skipped="0">
  <testcase classname="TestNG.depend" name="test3" time="0.020"/>
  <system-out/>
  <testcase classname="TestNG.depend" name="test4" time="0.004"/>
  <system-out/>
  <testcase classname="TestNG.depend" name="test1" time="0.006"/>
  <system-out/>
  <testcase classname="TestNG.depend" name="test2" time="0.002"/>
  <system-out/>
</testsuite> <!-- TestNG.depend -->
